This file contains any messages produced by compilers while
running configure, to aid debugging if configure makes a mistake.

It was created by ser2net configure 2.10.0, which was
generated by GNU Autoconf 2.69.  Invocation command line was

  $ ./configure --no-create --no-recursion

## --------- ##
## Platform. ##
## --------- ##

hostname = chenay-OptiPlex-745
uname -m = x86_64
uname -r = 3.18.0-13-generic
uname -s = Linux
uname -v = #14-Ubuntu SMP Fri Feb 6 09:55:14 UTC 2015

/usr/bin/uname -p = unknown
/bin/uname -X     = unknown

/bin/arch              = unknown
/usr/bin/arch -k       = unknown
/usr/convex/getsysinfo = unknown
/usr/bin/hostinfo      = unknown
/bin/machine           = unknown
/usr/bin/oslevel       = unknown
/bin/universe          = unknown

PATH: /usr/local/sbin
PATH: /usr/local/bin
PATH: /usr/sbin
PATH: /usr/bin
PATH: /sbin
PATH: /bin
PATH: /usr/games
PATH: /usr/local/games


## ----------- ##
## Core tests. ##
## ----------- ##

configure:2253: checking for a BSD-compatible install
configure:2321: result: /usr/bin/install -c
configure:2332: checking whether build environment is sane
configure:2387: result: yes
configure:2538: checking for a thread-safe mkdir -p
configure:2577: result: /bin/mkdir -p
configure:2584: checking for gawk
configure:2614: result: no
configure:2584: checking for mawk
configure:2600: found /usr/bin/mawk
configure:2611: result: mawk
configure:2622: checking whether make sets $(MAKE)
configure:2644: result: yes
configure:2673: checking whether make supports nested variables
configure:2690: result: yes
configure:2822: checking for gcc
configure:2838: found /usr/bin/gcc
configure:2849: result: gcc
configure:3078: checking for C compiler version
configure:3087: gcc --version >&5
gcc (Ubuntu 4.9.2-10ubuntu12) 4.9.2
Copyright (C) 2014 Free Software Foundation, Inc.
This is free software; see the source for copying conditions.  There is NO
warranty; not even for MERCHANTABILITY or FITNESS FOR A PARTICULAR PURPOSE.

configure:3098: $? = 0
configure:3087: gcc -v >&5
Using built-in specs.
COLLECT_GCC=gcc
COLLECT_LTO_WRAPPER=/usr/lib/gcc/x86_64-linux-gnu/4.9/lto-wrapper
Target: x86_64-linux-gnu
Configured with: ../src/configure -v --with-pkgversion='Ubuntu 4.9.2-10ubuntu12' --with-bugurl=file:///usr/share/doc/gcc-4.9/README.Bugs --enable-languages=c,c++,java,go,d,fortran,objc,obj-c++ --prefix=/usr --program-suffix=-4.9 --enable-shared --enable-linker-build-id --libexecdir=/usr/lib --without-included-gettext --enable-threads=posix --with-gxx-include-dir=/usr/include/c++/4.9 --libdir=/usr/lib --enable-nls --with-sysroot=/ --enable-clocale=gnu --enable-libstdcxx-debug --enable-libstdcxx-time=yes --enable-gnu-unique-object --disable-vtable-verify --enable-plugin --with-system-zlib --disable-browser-plugin --enable-java-awt=gtk --enable-gtk-cairo --with-java-home=/usr/lib/jvm/java-1.5.0-gcj-4.9-amd64/jre --enable-java-home --with-jvm-root-dir=/usr/lib/jvm/java-1.5.0-gcj-4.9-amd64 --with-jvm-jar-dir=/usr/lib/jvm-exports/java-1.5.0-gcj-4.9-amd64 --with-arch-directory=amd64 --with-ecj-jar=/usr/share/java/eclipse-ecj.jar --enable-objc-gc --enable-multiarch --disable-werror --with-arch-32=i686 --with-abi=m64 --with-multilib-list=m32,m64,mx32 --enable-multilib --with-tune=generic --enable-checking=release --build=x86_64-linux-gnu --host=x86_64-linux-gnu --target=x86_64-linux-gnu
Thread model: posix
gcc version 4.9.2 (Ubuntu 4.9.2-10ubuntu12) 
configure:3098: $? = 0
configure:3087: gcc -V >&5
gcc: error: unrecognized command line option '-V'
gcc: fatal error: no input files
compilation terminated.
configure:3098: $? = 4
configure:3087: gcc -qversion >&5
gcc: error: unrecognized command line option '-qversion'
gcc: fatal error: no input files
compilation terminated.
configure:3098: $? = 4
configure:3118: checking whether the C compiler works
configure:3140: gcc    conftest.c  >&5
configure:3144: $? = 0
configure:3192: result: yes
configure:3195: checking for C compiler default output file name
configure:3197: result: a.out
configure:3203: checking for suffix of executables
configure:3210: gcc -o conftest    conftest.c  >&5
configure:3214: $? = 0
configure:3236: result: 
configure:3258: checking whether we are cross compiling
configure:3266: gcc -o conftest    conftest.c  >&5
configure:3270: $? = 0
configure:3277: ./conftest
configure:3281: $? = 0
configure:3296: result: no
configure:3301: checking for suffix of object files
configure:3323: gcc -c   conftest.c >&5
configure:3327: $? = 0
configure:3348: result: o
configure:3352: checking whether we are using the GNU C compiler
configure:3371: gcc -c   conftest.c >&5
configure:3371: $? = 0
configure:3380: result: yes
configure:3389: checking whether gcc accepts -g
configure:3409: gcc -c -g  conftest.c >&5
configure:3409: $? = 0
configure:3450: result: yes
configure:3467: checking for gcc option to accept ISO C89
configure:3530: gcc  -c -g -O2  conftest.c >&5
configure:3530: $? = 0
configure:3543: result: none needed
configure:3574: checking for style of include used by make
configure:3602: result: GNU
configure:3628: checking dependency style of gcc
configure:3739: result: gcc3
configure:3783: checking build system type
configure:3797: result: x86_64-unknown-linux-gnu
configure:3817: checking host system type
configure:3830: result: x86_64-unknown-linux-gnu
configure:3871: checking how to print strings
configure:3898: result: printf
configure:3919: checking for a sed that does not truncate output
configure:3983: result: /bin/sed
configure:4001: checking for grep that handles long lines and -e
configure:4059: result: /bin/grep
configure:4064: checking for egrep
configure:4126: result: /bin/grep -E
configure:4131: checking for fgrep
configure:4193: result: /bin/grep -F
configure:4228: checking for ld used by gcc
configure:4295: result: /usr/bin/ld
configure:4302: checking if the linker (/usr/bin/ld) is GNU ld
configure:4317: result: yes
configure:4329: checking for BSD- or MS-compatible name lister (nm)
configure:4378: result: /usr/bin/nm -B
configure:4508: checking the name lister (/usr/bin/nm -B) interface
configure:4515: gcc -c -g -O2  conftest.c >&5
configure:4518: /usr/bin/nm -B "conftest.o"
configure:4521: output
0000000000000000 B some_variable
configure:4528: result: BSD nm
configure:4531: checking whether ln -s works
configure:4535: result: yes
configure:4543: checking the maximum length of command line arguments
configure:4673: result: 1572864
configure:4690: checking whether the shell understands some XSI constructs
configure:4700: result: yes
configure:4704: checking whether the shell understands "+="
configure:4710: result: yes
configure:4745: checking how to convert x86_64-unknown-linux-gnu file names to x86_64-unknown-linux-gnu format
configure:4785: result: func_convert_file_noop
configure:4792: checking how to convert x86_64-unknown-linux-gnu file names to toolchain format
configure:4812: result: func_convert_file_noop
configure:4819: checking for /usr/bin/ld option to reload object files
configure:4826: result: -r
configure:4900: checking for objdump
configure:4916: found /usr/bin/objdump
configure:4927: result: objdump
configure:4959: checking how to recognize dependent libraries
configure:5161: result: pass_all
configure:5246: checking for dlltool
configure:5276: result: no
configure:5306: checking how to associate runtime and link libraries
configure:5333: result: printf %s\n
configure:5394: checking for ar
configure:5410: found /usr/bin/ar
configure:5421: result: ar
configure:5458: checking for archiver @FILE support
configure:5475: gcc -c -g -O2  conftest.c >&5
configure:5475: $? = 0
configure:5478: ar cru libconftest.a @conftest.lst >&5
configure:5481: $? = 0
configure:5486: ar cru libconftest.a @conftest.lst >&5
ar: conftest.o: No such file or directory
configure:5489: $? = 1
configure:5501: result: @
configure:5559: checking for strip
configure:5575: found /usr/bin/strip
configure:5586: result: strip
configure:5658: checking for ranlib
configure:5674: found /usr/bin/ranlib
configure:5685: result: ranlib
configure:5787: checking command to parse /usr/bin/nm -B output from gcc object
configure:5907: gcc -c -g -O2  conftest.c >&5
configure:5910: $? = 0
configure:5914: /usr/bin/nm -B conftest.o \| sed -n -e 's/^.*[ ]\([ABCDGIRSTW][ABCDGIRSTW]*\)[ ][ ]*\([_A-Za-z][_A-Za-z0-9]*\)$/\1 \2 \2/p' | sed '/ __gnu_lto/d' \> conftest.nm
configure:5917: $? = 0
configure:5983: gcc -o conftest -g -O2   conftest.c conftstm.o >&5
configure:5986: $? = 0
configure:6024: result: ok
configure:6061: checking for sysroot
configure:6091: result: no
configure:6168: gcc -c -g -O2  conftest.c >&5
configure:6171: $? = 0
configure:6353: checking for mt
configure:6369: found /bin/mt
configure:6380: result: mt
configure:6403: checking if mt is a manifest tool
configure:6409: mt '-?'
configure:6417: result: no
configure:7059: checking how to run the C preprocessor
configure:7090: gcc -E  conftest.c
configure:7090: $? = 0
configure:7104: gcc -E  conftest.c
conftest.c:11:28: fatal error: ac_nonexistent.h: No such file or directory
 #include <ac_nonexistent.h>
                            ^
compilation terminated.
configure:7104: $? = 1
configure: failed program was:
| /* confdefs.h */
| #define PACKAGE_NAME "ser2net"
| #define PACKAGE_TARNAME "ser2net"
| #define PACKAGE_VERSION "2.10.0"
| #define PACKAGE_STRING "ser2net 2.10.0"
| #define PACKAGE_BUGREPORT "minyard@acm.org"
| #define PACKAGE_URL ""
| #define PACKAGE "ser2net"
| #define VERSION "2.10.0"
| /* end confdefs.h.  */
| #include <ac_nonexistent.h>
configure:7129: result: gcc -E
configure:7149: gcc -E  conftest.c
configure:7149: $? = 0
configure:7163: gcc -E  conftest.c
conftest.c:11:28: fatal error: ac_nonexistent.h: No such file or directory
 #include <ac_nonexistent.h>
                            ^
compilation terminated.
configure:7163: $? = 1
configure: failed program was:
| /* confdefs.h */
| #define PACKAGE_NAME "ser2net"
| #define PACKAGE_TARNAME "ser2net"
| #define PACKAGE_VERSION "2.10.0"
| #define PACKAGE_STRING "ser2net 2.10.0"
| #define PACKAGE_BUGREPORT "minyard@acm.org"
| #define PACKAGE_URL ""
| #define PACKAGE "ser2net"
| #define VERSION "2.10.0"
| /* end confdefs.h.  */
| #include <ac_nonexistent.h>
configure:7192: checking for ANSI C header files
configure:7212: gcc -c -g -O2  conftest.c >&5
configure:7212: $? = 0
configure:7285: gcc -o conftest -g -O2   conftest.c  >&5
configure:7285: $? = 0
configure:7285: ./conftest
configure:7285: $? = 0
configure:7296: result: yes
configure:7309: checking for sys/types.h
configure:7309: gcc -c -g -O2  conftest.c >&5
configure:7309: $? = 0
configure:7309: result: yes
configure:7309: checking for sys/stat.h
configure:7309: gcc -c -g -O2  conftest.c >&5
configure:7309: $? = 0
configure:7309: result: yes
configure:7309: checking for stdlib.h
configure:7309: gcc -c -g -O2  conftest.c >&5
configure:7309: $? = 0
configure:7309: result: yes
configure:7309: checking for string.h
configure:7309: gcc -c -g -O2  conftest.c >&5
configure:7309: $? = 0
configure:7309: result: yes
configure:7309: checking for memory.h
configure:7309: gcc -c -g -O2  conftest.c >&5
configure:7309: $? = 0
configure:7309: result: yes
configure:7309: checking for strings.h
configure:7309: gcc -c -g -O2  conftest.c >&5
configure:7309: $? = 0
configure:7309: result: yes
configure:7309: checking for inttypes.h
configure:7309: gcc -c -g -O2  conftest.c >&5
configure:7309: $? = 0
configure:7309: result: yes
configure:7309: checking for stdint.h
configure:7309: gcc -c -g -O2  conftest.c >&5
configure:7309: $? = 0
configure:7309: result: yes
configure:7309: checking for unistd.h
configure:7309: gcc -c -g -O2  conftest.c >&5
configure:7309: $? = 0
configure:7309: result: yes
configure:7323: checking for dlfcn.h
configure:7323: gcc -c -g -O2  conftest.c >&5
configure:7323: $? = 0
configure:7323: result: yes
configure:7529: checking for objdir
configure:7544: result: .libs
configure:7815: checking if gcc supports -fno-rtti -fno-exceptions
configure:7833: gcc -c -g -O2  -fno-rtti -fno-exceptions conftest.c >&5
cc1: warning: command line option '-fno-rtti' is valid for C++/ObjC++ but not for C
configure:7837: $? = 0
configure:7850: result: no
configure:8177: checking for gcc option to produce PIC
configure:8184: result: -fPIC -DPIC
configure:8192: checking if gcc PIC flag -fPIC -DPIC works
configure:8210: gcc -c -g -O2  -fPIC -DPIC -DPIC conftest.c >&5
configure:8214: $? = 0
configure:8227: result: yes
configure:8256: checking if gcc static flag -static works
configure:8284: result: yes
configure:8299: checking if gcc supports -c -o file.o
configure:8320: gcc -c -g -O2  -o out/conftest2.o conftest.c >&5
configure:8324: $? = 0
configure:8346: result: yes
configure:8354: checking if gcc supports -c -o file.o
configure:8401: result: yes
configure:8434: checking whether the gcc linker (/usr/bin/ld -m elf_x86_64) supports shared libraries
configure:9587: result: yes
configure:9624: checking whether -lc should be explicitly linked in
configure:9632: gcc -c -g -O2  conftest.c >&5
configure:9635: $? = 0
configure:9650: gcc -shared  -fPIC -DPIC conftest.o  -v -Wl,-soname -Wl,conftest -o conftest 2\>\&1 \| /bin/grep  -lc  \>/dev/null 2\>\&1
configure:9653: $? = 0
configure:9667: result: no
configure:9827: checking dynamic linker characteristics
configure:10338: gcc -o conftest -g -O2   -Wl,-rpath -Wl,/foo conftest.c  >&5
configure:10338: $? = 0
configure:10564: result: GNU/Linux ld.so
configure:10671: checking how to hardcode library paths into programs
configure:10696: result: immediate
configure:11236: checking whether stripping libraries is possible
configure:11241: result: yes
configure:11276: checking if libtool supports shared libraries
configure:11278: result: yes
configure:11281: checking whether to build shared libraries
configure:11302: result: yes
configure:11305: checking whether to build static libraries
configure:11309: result: yes
configure:11421: checking for ANSI C header files
configure:11525: result: yes
configure:11533: checking for main in -lnsl
configure:11552: gcc -o conftest -g -O2   conftest.c -lnsl   >&5
configure:11552: $? = 0
configure:11561: result: yes
configure:11719: checking that generated files are newer than configure
configure:11725: result: done
configure:11748: creating ./config.status

## ---------------- ##
## Cache variables. ##
## ---------------- ##

ac_cv_build=x86_64-unknown-linux-gnu
ac_cv_c_compiler_gnu=yes
ac_cv_env_CC_set=
ac_cv_env_CC_value=
ac_cv_env_CFLAGS_set=
ac_cv_env_CFLAGS_value=
ac_cv_env_CPPFLAGS_set=
ac_cv_env_CPPFLAGS_value=
ac_cv_env_CPP_set=
ac_cv_env_CPP_value=
ac_cv_env_LDFLAGS_set=
ac_cv_env_LDFLAGS_value=
ac_cv_env_LIBS_set=
ac_cv_env_LIBS_value=
ac_cv_env_build_alias_set=
ac_cv_env_build_alias_value=
ac_cv_env_host_alias_set=
ac_cv_env_host_alias_value=
ac_cv_env_target_alias_set=
ac_cv_env_target_alias_value=
ac_cv_header_dlfcn_h=yes
ac_cv_header_inttypes_h=yes
ac_cv_header_memory_h=yes
ac_cv_header_stdc=yes
ac_cv_header_stdint_h=yes
ac_cv_header_stdlib_h=yes
ac_cv_header_string_h=yes
ac_cv_header_strings_h=yes
ac_cv_header_sys_stat_h=yes
ac_cv_header_sys_types_h=yes
ac_cv_header_unistd_h=yes
ac_cv_host=x86_64-unknown-linux-gnu
ac_cv_lib_nsl_main=yes
ac_cv_objext=o
ac_cv_path_EGREP='/bin/grep -E'
ac_cv_path_FGREP='/bin/grep -F'
ac_cv_path_GREP=/bin/grep
ac_cv_path_SED=/bin/sed
ac_cv_path_install='/usr/bin/install -c'
ac_cv_path_mkdir=/bin/mkdir
ac_cv_prog_AWK=mawk
ac_cv_prog_CPP='gcc -E'
ac_cv_prog_ac_ct_AR=ar
ac_cv_prog_ac_ct_CC=gcc
ac_cv_prog_ac_ct_MANIFEST_TOOL=mt
ac_cv_prog_ac_ct_OBJDUMP=objdump
ac_cv_prog_ac_ct_RANLIB=ranlib
ac_cv_prog_ac_ct_STRIP=strip
ac_cv_prog_cc_c89=
ac_cv_prog_cc_g=yes
ac_cv_prog_make_make_set=yes
am_cv_CC_dependencies_compiler_type=gcc3
am_cv_make_support_nested_variables=yes
lt_cv_ar_at_file=@
lt_cv_archive_cmds_need_lc=no
lt_cv_deplibs_check_method=pass_all
lt_cv_file_magic_cmd='$MAGIC_CMD'
lt_cv_file_magic_test_file=
lt_cv_ld_reload_flag=-r
lt_cv_nm_interface='BSD nm'
lt_cv_objdir=.libs
lt_cv_path_LD=/usr/bin/ld
lt_cv_path_NM='/usr/bin/nm -B'
lt_cv_path_mainfest_tool=no
lt_cv_prog_compiler_c_o=yes
lt_cv_prog_compiler_pic='-fPIC -DPIC'
lt_cv_prog_compiler_pic_works=yes
lt_cv_prog_compiler_rtti_exceptions=no
lt_cv_prog_compiler_static_works=yes
lt_cv_prog_gnu_ld=yes
lt_cv_sharedlib_from_linklib_cmd='printf %s\n'
lt_cv_shlibpath_overrides_runpath=no
lt_cv_sys_global_symbol_pipe='sed -n -e '\''s/^.*[	 ]\([ABCDGIRSTW][ABCDGIRSTW]*\)[	 ][	 ]*\([_A-Za-z][_A-Za-z0-9]*\)$/\1 \2 \2/p'\'' | sed '\''/ __gnu_lto/d'\'''
lt_cv_sys_global_symbol_to_c_name_address='sed -n -e '\''s/^: \([^ ]*\)[ ]*$/  {\"\1\", (void *) 0},/p'\'' -e '\''s/^[ABCDGIRSTW]* \([^ ]*\) \([^ ]*\)$/  {"\2", (void *) \&\2},/p'\'''
lt_cv_sys_global_symbol_to_c_name_address_lib_prefix='sed -n -e '\''s/^: \([^ ]*\)[ ]*$/  {\"\1\", (void *) 0},/p'\'' -e '\''s/^[ABCDGIRSTW]* \([^ ]*\) \(lib[^ ]*\)$/  {"\2", (void *) \&\2},/p'\'' -e '\''s/^[ABCDGIRSTW]* \([^ ]*\) \([^ ]*\)$/  {"lib\2", (void *) \&\2},/p'\'''
lt_cv_sys_global_symbol_to_cdecl='sed -n -e '\''s/^T .* \(.*\)$/extern int \1();/p'\'' -e '\''s/^[ABCDGIRSTW]* .* \(.*\)$/extern char \1;/p'\'''
lt_cv_sys_max_cmd_len=1572864
lt_cv_to_host_file_cmd=func_convert_file_noop
lt_cv_to_tool_file_cmd=func_convert_file_noop

## ----------------- ##
## Output variables. ##
## ----------------- ##

ACLOCAL='${SHELL} /home/chenay/programs/ser2net-2.10.0/missing aclocal-1.13'
AMDEPBACKSLASH='\'
AMDEP_FALSE='#'
AMDEP_TRUE=''
AMTAR='$${TAR-tar}'
AM_BACKSLASH='\'
AM_DEFAULT_V='$(AM_DEFAULT_VERBOSITY)'
AM_DEFAULT_VERBOSITY='1'
AM_V='$(V)'
AR='ar'
AUTOCONF='${SHELL} /home/chenay/programs/ser2net-2.10.0/missing autoconf'
AUTOHEADER='${SHELL} /home/chenay/programs/ser2net-2.10.0/missing autoheader'
AUTOMAKE='${SHELL} /home/chenay/programs/ser2net-2.10.0/missing automake-1.13'
AWK='mawk'
CC='gcc'
CCDEPMODE='depmode=gcc3'
CFLAGS='-g -O2'
CPP='gcc -E'
CPPFLAGS=''
CYGPATH_W='echo'
DEFS='-DPACKAGE_NAME=\"ser2net\" -DPACKAGE_TARNAME=\"ser2net\" -DPACKAGE_VERSION=\"2.10.0\" -DPACKAGE_STRING=\"ser2net\ 2.10.0\" -DPACKAGE_BUGREPORT=\"minyard@acm.org\" -DPACKAGE_URL=\"\" -DPACKAGE=\"ser2net\" -DVERSION=\"2.10.0\" -DSTDC_HEADERS=1 -DHAVE_SYS_TYPES_H=1 -DHAVE_SYS_STAT_H=1 -DHAVE_STDLIB_H=1 -DHAVE_STRING_H=1 -DHAVE_MEMORY_H=1 -DHAVE_STRINGS_H=1 -DHAVE_INTTYPES_H=1 -DHAVE_STDINT_H=1 -DHAVE_UNISTD_H=1 -DHAVE_DLFCN_H=1 -DLT_OBJDIR=\".libs/\" -DUSE_UUCP_LOCKING=1 -DSTDC_HEADERS=1 -DHAVE_LIBNSL=1'
DEPDIR='.deps'
DLLTOOL='false'
DSYMUTIL=''
DUMPBIN=''
ECHO_C=''
ECHO_N='-n'
ECHO_T=''
EGREP='/bin/grep -E'
EXEEXT=''
FGREP='/bin/grep -F'
GREP='/bin/grep'
INSTALL_DATA='${INSTALL} -m 644'
INSTALL_PROGRAM='${INSTALL}'
INSTALL_SCRIPT='${INSTALL}'
INSTALL_STRIP_PROGRAM='$(install_sh) -c -s'
LD='/usr/bin/ld -m elf_x86_64'
LDFLAGS=''
LIBOBJS=''
LIBS='-lnsl '
LIBTOOL='$(SHELL) $(top_builddir)/libtool'
LIPO=''
LN_S='ln -s'
LTLIBOBJS=''
MAKEINFO='${SHELL} /home/chenay/programs/ser2net-2.10.0/missing makeinfo'
MANIFEST_TOOL=':'
MKDIR_P='/bin/mkdir -p'
NM='/usr/bin/nm -B'
NMEDIT=''
OBJDUMP='objdump'
OBJEXT='o'
OTOOL64=''
OTOOL=''
PACKAGE='ser2net'
PACKAGE_BUGREPORT='minyard@acm.org'
PACKAGE_NAME='ser2net'
PACKAGE_STRING='ser2net 2.10.0'
PACKAGE_TARNAME='ser2net'
PACKAGE_URL=''
PACKAGE_VERSION='2.10.0'
PATH_SEPARATOR=':'
RANLIB='ranlib'
SED='/bin/sed'
SET_MAKE=''
SHELL='/bin/bash'
STRIP='strip'
VERSION='2.10.0'
ac_ct_AR='ar'
ac_ct_CC='gcc'
ac_ct_DUMPBIN=''
am__EXEEXT_FALSE=''
am__EXEEXT_TRUE='#'
am__fastdepCC_FALSE='#'
am__fastdepCC_TRUE=''
am__include='include'
am__isrc=''
am__leading_dot='.'
am__nodep='_no'
am__quote=''
am__tar='$${TAR-tar} chof - "$$tardir"'
am__untar='$${TAR-tar} xf -'
bindir='${exec_prefix}/bin'
build='x86_64-unknown-linux-gnu'
build_alias=''
build_cpu='x86_64'
build_os='linux-gnu'
build_vendor='unknown'
datadir='${datarootdir}'
datarootdir='${prefix}/share'
docdir='${datarootdir}/doc/${PACKAGE_TARNAME}'
dvidir='${docdir}'
exec_prefix='${prefix}'
host='x86_64-unknown-linux-gnu'
host_alias=''
host_cpu='x86_64'
host_os='linux-gnu'
host_vendor='unknown'
htmldir='${docdir}'
includedir='${prefix}/include'
infodir='${datarootdir}/info'
install_sh='${SHELL} /home/chenay/programs/ser2net-2.10.0/install-sh'
libdir='${exec_prefix}/lib'
libexecdir='${exec_prefix}/libexec'
localedir='${datarootdir}/locale'
localstatedir='${prefix}/var'
mandir='${datarootdir}/man'
mkdir_p='$(MKDIR_P)'
oldincludedir='/usr/include'
pdfdir='${docdir}'
prefix='/usr/local'
program_transform_name='s,x,x,'
psdir='${docdir}'
sbindir='${exec_prefix}/sbin'
sharedstatedir='${prefix}/com'
sysconfdir='${prefix}/etc'
target_alias=''

## ----------- ##
## confdefs.h. ##
## ----------- ##

/* confdefs.h */
#define PACKAGE_NAME "ser2net"
#define PACKAGE_TARNAME "ser2net"
#define PACKAGE_VERSION "2.10.0"
#define PACKAGE_STRING "ser2net 2.10.0"
#define PACKAGE_BUGREPORT "minyard@acm.org"
#define PACKAGE_URL ""
#define PACKAGE "ser2net"
#define VERSION "2.10.0"
#define STDC_HEADERS 1
#define HAVE_SYS_TYPES_H 1
#define HAVE_SYS_STAT_H 1
#define HAVE_STDLIB_H 1
#define HAVE_STRING_H 1
#define HAVE_MEMORY_H 1
#define HAVE_STRINGS_H 1
#define HAVE_INTTYPES_H 1
#define HAVE_STDINT_H 1
#define HAVE_UNISTD_H 1
#define HAVE_DLFCN_H 1
#define LT_OBJDIR ".libs/"
#define USE_UUCP_LOCKING 1
#define STDC_HEADERS 1
#define HAVE_LIBNSL 1

configure: exit 0

## ---------------------- ##
## Running config.status. ##
## ---------------------- ##

This file was extended by ser2net config.status 2.10.0, which was
generated by GNU Autoconf 2.69.  Invocation command line was

  CONFIG_FILES    = 
  CONFIG_HEADERS  = 
  CONFIG_LINKS    = 
  CONFIG_COMMANDS = 
  $ ./config.status 

on chenay-OptiPlex-745

config.status:1004: creating Makefile
config.status:1004: creating ser2net.spec
config.status:1176: executing depfiles commands
config.status:1176: executing libtool commands
